    42>D:\.dima\misis2023f-23-check\misis2024s-23-04-korshunov-n-m\prj.test\test_dynarr.cpp(57,18): warning C4244: =: преобразование "double" в "float", возможна потеря данных [D:\.dima\misis2023f-23-check\misis2024s-23-04-korshunov-n-m\build.check\prj.test\test_dynarr.vcxproj]
    42>D:\.dima\misis2023f-23-check\misis2024s-23-04-korshunov-n-m\prj.test\test_dynarr.cpp(72,16): warning C4244: =: преобразование "int" в "float", возможна потеря данных [D:\.dima\misis2023f-23-check\misis2024s-23-04-korshunov-n-m\build.check\prj.test\test_dynarr.vcxproj]
    20>D:\.dima\misis2023f-23-check\misis2024s-23-04-korshunov-n-m\prj.check\prj.check\doctest_dynarr\doctest_dynarr_moveable.cpp(71,15): warning C4834: удаление возвращаемого значения функции с атрибутом [[nodiscard]] [D:\.dima\misis2023f-23-check\misis2024s-23-04-korshunov-n-m\build.check\prj.check\prj.check\doctest_dynarr\doctest_dynarr_m.vcxproj]
    19>D:\.dima\misis2023f-23-check\misis2024s-23-04-korshunov-n-m\prj.check\prj.check\doctest_dynarr\doctest_dynarr.cpp(57,6): warning C4834: удаление возвращаемого значения функции с атрибутом [[nodiscard]] [D:\.dima\misis2023f-23-check\misis2024s-23-04-korshunov-n-m\build.check\prj.check\prj.check\doctest_dynarr\doctest_dynarr.vcxproj]
    19>D:\.dima\misis2023f-23-check\misis2024s-23-04-korshunov-n-m\prj.check\prj.check\doctest_dynarr\doctest_dynarr.cpp(66,11): warning C4834: удаление возвращаемого значения функции с атрибутом [[nodiscard]] [D:\.dima\misis2023f-23-check\misis2024s-23-04-korshunov-n-m\build.check\prj.check\prj.check\doctest_dynarr\doctest_dynarr.vcxproj]
    19>D:\.dima\misis2023f-23-check\misis2024s-23-04-korshunov-n-m\prj.check\prj.check\doctest_dynarr\doctest_dynarr.cpp(87,11): warning C4834: удаление возвращаемого значения функции с атрибутом [[nodiscard]] [D:\.dima\misis2023f-23-check\misis2024s-23-04-korshunov-n-m\build.check\prj.check\prj.check\doctest_dynarr\doctest_dynarr.vcxproj]
    44>D:\.dima\misis2023f-23-check\misis2024s-23-04-korshunov-n-m\prj.test\doctest.h(1527,9): warning C4805: ==: небезопасное смешение типа "T" и типа "T" в операции [D:\.dima\misis2023f-23-check\misis2024s-23-04-korshunov-n-m\build.check\prj.test\test_queuearr.vcxproj]
D:\.dima\misis2023f-23-check\misis2024s-23-04-korshunov-n-m\prj.test\doctest.h(1527,9): warning C4805:         with [D:\.dima\misis2023f-23-check\misis2024s-23-04-korshunov-n-m\build.check\prj.test\test_queuearr.vcxproj]
D:\.dima\misis2023f-23-check\misis2024s-23-04-korshunov-n-m\prj.test\doctest.h(1527,9): warning C4805:         [ [D:\.dima\misis2023f-23-check\misis2024s-23-04-korshunov-n-m\build.check\prj.test\test_queuearr.vcxproj]
D:\.dima\misis2023f-23-check\misis2024s-23-04-korshunov-n-m\prj.test\doctest.h(1527,9): warning C4805:             T=bool [D:\.dima\misis2023f-23-check\misis2024s-23-04-korshunov-n-m\build.check\prj.test\test_queuearr.vcxproj]
D:\.dima\misis2023f-23-check\misis2024s-23-04-korshunov-n-m\prj.test\doctest.h(1527,9): warning C4805:         ] [D:\.dima\misis2023f-23-check\misis2024s-23-04-korshunov-n-m\build.check\prj.test\test_queuearr.vcxproj]
D:\.dima\misis2023f-23-check\misis2024s-23-04-korshunov-n-m\prj.test\doctest.h(1527,9): warning C4805:         and [D:\.dima\misis2023f-23-check\misis2024s-23-04-korshunov-n-m\build.check\prj.test\test_queuearr.vcxproj]
D:\.dima\misis2023f-23-check\misis2024s-23-04-korshunov-n-m\prj.test\doctest.h(1527,9): warning C4805:         [ [D:\.dima\misis2023f-23-check\misis2024s-23-04-korshunov-n-m\build.check\prj.test\test_queuearr.vcxproj]
D:\.dima\misis2023f-23-check\misis2024s-23-04-korshunov-n-m\prj.test\doctest.h(1527,9): warning C4805:             T=int [D:\.dima\misis2023f-23-check\misis2024s-23-04-korshunov-n-m\build.check\prj.test\test_queuearr.vcxproj]
D:\.dima\misis2023f-23-check\misis2024s-23-04-korshunov-n-m\prj.test\doctest.h(1527,9): warning C4805:         ] [D:\.dima\misis2023f-23-check\misis2024s-23-04-korshunov-n-m\build.check\prj.test\test_queuearr.vcxproj]
    46>D:\.dima\misis2023f-23-check\misis2024s-23-04-korshunov-n-m\prj.test\doctest.h(1527,9): warning C4805: ==: небезопасное смешение типа "T" и типа "T" в операции [D:\.dima\misis2023f-23-check\misis2024s-23-04-korshunov-n-m\build.check\prj.test\test_stackarr.vcxproj]
D:\.dima\misis2023f-23-check\misis2024s-23-04-korshunov-n-m\prj.test\doctest.h(1527,9): warning C4805:         with [D:\.dima\misis2023f-23-check\misis2024s-23-04-korshunov-n-m\build.check\prj.test\test_stackarr.vcxproj]
D:\.dima\misis2023f-23-check\misis2024s-23-04-korshunov-n-m\prj.test\doctest.h(1527,9): warning C4805:         [ [D:\.dima\misis2023f-23-check\misis2024s-23-04-korshunov-n-m\build.check\prj.test\test_stackarr.vcxproj]
D:\.dima\misis2023f-23-check\misis2024s-23-04-korshunov-n-m\prj.test\doctest.h(1527,9): warning C4805:             T=bool [D:\.dima\misis2023f-23-check\misis2024s-23-04-korshunov-n-m\build.check\prj.test\test_stackarr.vcxproj]
D:\.dima\misis2023f-23-check\misis2024s-23-04-korshunov-n-m\prj.test\doctest.h(1527,9): warning C4805:         ] [D:\.dima\misis2023f-23-check\misis2024s-23-04-korshunov-n-m\build.check\prj.test\test_stackarr.vcxproj]
D:\.dima\misis2023f-23-check\misis2024s-23-04-korshunov-n-m\prj.test\doctest.h(1527,9): warning C4805:         and [D:\.dima\misis2023f-23-check\misis2024s-23-04-korshunov-n-m\build.check\prj.test\test_stackarr.vcxproj]
D:\.dima\misis2023f-23-check\misis2024s-23-04-korshunov-n-m\prj.test\doctest.h(1527,9): warning C4805:         [ [D:\.dima\misis2023f-23-check\misis2024s-23-04-korshunov-n-m\build.check\prj.test\test_stackarr.vcxproj]
D:\.dima\misis2023f-23-check\misis2024s-23-04-korshunov-n-m\prj.test\doctest.h(1527,9): warning C4805:             T=int [D:\.dima\misis2023f-23-check\misis2024s-23-04-korshunov-n-m\build.check\prj.test\test_stackarr.vcxproj]
D:\.dima\misis2023f-23-check\misis2024s-23-04-korshunov-n-m\prj.test\doctest.h(1527,9): warning C4805:         ] [D:\.dima\misis2023f-23-check\misis2024s-23-04-korshunov-n-m\build.check\prj.test\test_stackarr.vcxproj]
    43>D:\.dima\misis2023f-23-check\misis2024s-23-04-korshunov-n-m\prj.test\test_queuelstpr.cpp(7,19): warning C4305: инициализация: усечение из "double" в "float" [D:\.dima\misis2023f-23-check\misis2024s-23-04-korshunov-n-m\build.check\prj.test\test_queuelstpr.vcxproj]
    43>D:\.dima\misis2023f-23-check\misis2024s-23-04-korshunov-n-m\prj.test\test_queuelstpr.cpp(7,29): warning C4305: инициализация: усечение из "double" в "float" [D:\.dima\misis2023f-23-check\misis2024s-23-04-korshunov-n-m\build.check\prj.test\test_queuelstpr.vcxproj]
    48>D:\.dima\misis2023f-23-check\misis2024s-23-04-korshunov-n-m\prj.test\doctest.h(1527,9): warning C4805: ==: небезопасное смешение типа "T" и типа "T" в операции [D:\.dima\misis2023f-23-check\misis2024s-23-04-korshunov-n-m\build.check\prj.test\test_stacklst.vcxproj]
D:\.dima\misis2023f-23-check\misis2024s-23-04-korshunov-n-m\prj.test\doctest.h(1527,9): warning C4805:         with [D:\.dima\misis2023f-23-check\misis2024s-23-04-korshunov-n-m\build.check\prj.test\test_stacklst.vcxproj]
D:\.dima\misis2023f-23-check\misis2024s-23-04-korshunov-n-m\prj.test\doctest.h(1527,9): warning C4805:         [ [D:\.dima\misis2023f-23-check\misis2024s-23-04-korshunov-n-m\build.check\prj.test\test_stacklst.vcxproj]
D:\.dima\misis2023f-23-check\misis2024s-23-04-korshunov-n-m\prj.test\doctest.h(1527,9): warning C4805:             T=bool [D:\.dima\misis2023f-23-check\misis2024s-23-04-korshunov-n-m\build.check\prj.test\test_stacklst.vcxproj]
D:\.dima\misis2023f-23-check\misis2024s-23-04-korshunov-n-m\prj.test\doctest.h(1527,9): warning C4805:         ] [D:\.dima\misis2023f-23-check\misis2024s-23-04-korshunov-n-m\build.check\prj.test\test_stacklst.vcxproj]
D:\.dima\misis2023f-23-check\misis2024s-23-04-korshunov-n-m\prj.test\doctest.h(1527,9): warning C4805:         and [D:\.dima\misis2023f-23-check\misis2024s-23-04-korshunov-n-m\build.check\prj.test\test_stacklst.vcxproj]
D:\.dima\misis2023f-23-check\misis2024s-23-04-korshunov-n-m\prj.test\doctest.h(1527,9): warning C4805:         [ [D:\.dima\misis2023f-23-check\misis2024s-23-04-korshunov-n-m\build.check\prj.test\test_stacklst.vcxproj]
D:\.dima\misis2023f-23-check\misis2024s-23-04-korshunov-n-m\prj.test\doctest.h(1527,9): warning C4805:             T=int [D:\.dima\misis2023f-23-check\misis2024s-23-04-korshunov-n-m\build.check\prj.test\test_stacklst.vcxproj]
D:\.dima\misis2023f-23-check\misis2024s-23-04-korshunov-n-m\prj.test\doctest.h(1527,9): warning C4805:         ] [D:\.dima\misis2023f-23-check\misis2024s-23-04-korshunov-n-m\build.check\prj.test\test_stacklst.vcxproj]
    43>D:\.dima\misis2023f-23-check\misis2024s-23-04-korshunov-n-m\prj.test\doctest.h(1527,9): warning C4805: ==: небезопасное смешение типа "T" и типа "T" в операции [D:\.dima\misis2023f-23-check\misis2024s-23-04-korshunov-n-m\build.check\prj.test\test_queuelstpr.vcxproj]
D:\.dima\misis2023f-23-check\misis2024s-23-04-korshunov-n-m\prj.test\doctest.h(1527,9): warning C4805:         with [D:\.dima\misis2023f-23-check\misis2024s-23-04-korshunov-n-m\build.check\prj.test\test_queuelstpr.vcxproj]
D:\.dima\misis2023f-23-check\misis2024s-23-04-korshunov-n-m\prj.test\doctest.h(1527,9): warning C4805:         [ [D:\.dima\misis2023f-23-check\misis2024s-23-04-korshunov-n-m\build.check\prj.test\test_queuelstpr.vcxproj]
D:\.dima\misis2023f-23-check\misis2024s-23-04-korshunov-n-m\prj.test\doctest.h(1527,9): warning C4805:             T=bool [D:\.dima\misis2023f-23-check\misis2024s-23-04-korshunov-n-m\build.check\prj.test\test_queuelstpr.vcxproj]
D:\.dima\misis2023f-23-check\misis2024s-23-04-korshunov-n-m\prj.test\doctest.h(1527,9): warning C4805:         ] [D:\.dima\misis2023f-23-check\misis2024s-23-04-korshunov-n-m\build.check\prj.test\test_queuelstpr.vcxproj]
D:\.dima\misis2023f-23-check\misis2024s-23-04-korshunov-n-m\prj.test\doctest.h(1527,9): warning C4805:         and [D:\.dima\misis2023f-23-check\misis2024s-23-04-korshunov-n-m\build.check\prj.test\test_queuelstpr.vcxproj]
D:\.dima\misis2023f-23-check\misis2024s-23-04-korshunov-n-m\prj.test\doctest.h(1527,9): warning C4805:         [ [D:\.dima\misis2023f-23-check\misis2024s-23-04-korshunov-n-m\build.check\prj.test\test_queuelstpr.vcxproj]
D:\.dima\misis2023f-23-check\misis2024s-23-04-korshunov-n-m\prj.test\doctest.h(1527,9): warning C4805:             T=int [D:\.dima\misis2023f-23-check\misis2024s-23-04-korshunov-n-m\build.check\prj.test\test_queuelstpr.vcxproj]
D:\.dima\misis2023f-23-check\misis2024s-23-04-korshunov-n-m\prj.test\doctest.h(1527,9): warning C4805:         ] [D:\.dima\misis2023f-23-check\misis2024s-23-04-korshunov-n-m\build.check\prj.test\test_queuelstpr.vcxproj]
    45>D:\.dima\misis2023f-23-check\misis2024s-23-04-korshunov-n-m\prj.test\doctest.h(1527,9): warning C4805: ==: небезопасное смешение типа "T" и типа "T" в операции [D:\.dima\misis2023f-23-check\misis2024s-23-04-korshunov-n-m\build.check\prj.test\test_queuelst.vcxproj]
D:\.dima\misis2023f-23-check\misis2024s-23-04-korshunov-n-m\prj.test\doctest.h(1527,9): warning C4805:         with [D:\.dima\misis2023f-23-check\misis2024s-23-04-korshunov-n-m\build.check\prj.test\test_queuelst.vcxproj]
D:\.dima\misis2023f-23-check\misis2024s-23-04-korshunov-n-m\prj.test\doctest.h(1527,9): warning C4805:         [ [D:\.dima\misis2023f-23-check\misis2024s-23-04-korshunov-n-m\build.check\prj.test\test_queuelst.vcxproj]
D:\.dima\misis2023f-23-check\misis2024s-23-04-korshunov-n-m\prj.test\doctest.h(1527,9): warning C4805:             T=bool [D:\.dima\misis2023f-23-check\misis2024s-23-04-korshunov-n-m\build.check\prj.test\test_queuelst.vcxproj]
D:\.dima\misis2023f-23-check\misis2024s-23-04-korshunov-n-m\prj.test\doctest.h(1527,9): warning C4805:         ] [D:\.dima\misis2023f-23-check\misis2024s-23-04-korshunov-n-m\build.check\prj.test\test_queuelst.vcxproj]
D:\.dima\misis2023f-23-check\misis2024s-23-04-korshunov-n-m\prj.test\doctest.h(1527,9): warning C4805:         and [D:\.dima\misis2023f-23-check\misis2024s-23-04-korshunov-n-m\build.check\prj.test\test_queuelst.vcxproj]
D:\.dima\misis2023f-23-check\misis2024s-23-04-korshunov-n-m\prj.test\doctest.h(1527,9): warning C4805:         [ [D:\.dima\misis2023f-23-check\misis2024s-23-04-korshunov-n-m\build.check\prj.test\test_queuelst.vcxproj]
D:\.dima\misis2023f-23-check\misis2024s-23-04-korshunov-n-m\prj.test\doctest.h(1527,9): warning C4805:             T=int [D:\.dima\misis2023f-23-check\misis2024s-23-04-korshunov-n-m\build.check\prj.test\test_queuelst.vcxproj]
D:\.dima\misis2023f-23-check\misis2024s-23-04-korshunov-n-m\prj.test\doctest.h(1527,9): warning C4805:         ] [D:\.dima\misis2023f-23-check\misis2024s-23-04-korshunov-n-m\build.check\prj.test\test_queuelst.vcxproj]
